2020-11-03 16:42:41 [INFO] [analysis.recognition-key-token] Begin Evaluation: the Key Token Recognition
2020-11-03 16:42:46 [INFO] [analysis.recognition-key-token] RESTAURANT TRAIN DOMAIN
Examples that have at least one key token: 0.1688
y_ref means a prediction without a mask, and y_new with a single mask.
Confusion Matrix (y_ref, y_new):
[[ 523   50   59]
 [  95  516  182]
 [ 145   77 1955]]

Random Pattern Recognizer
Acc.: 0.0839 (0.0142)
Confusion Matrix (y_ref, y_new):
[[ 616    8    8]
 [   7  771   15]
 [   9    4 2164]]

Attention Pattern Recognizer (without scaling and diagonal)
Acc.: 0.3339 (0.0564)
Confusion Matrix (y_ref, y_new):
[[ 594   16   22]
 [  25  703   65]
 [  49   26 2102]]

Attention Pattern Recognizer (without diagonal)
Acc.: 0.2516 (0.0425)
Confusion Matrix (y_ref, y_new):
[[ 601   13   18]
 [  16  736   41]
 [  40   25 2112]]

Attention Pattern Recognizer
Acc.: 0.2993 (0.0505)
Confusion Matrix (y_ref, y_new):
[[ 596   14   22]
 [  16  720   57]
 [  48   25 2104]]

Gradient Pattern Recognizer
Acc.: 0.2484 (0.0419)
Confusion Matrix (y_ref, y_new):
[[ 597   22   13]
 [  15  750   28]
 [  38   35 2104]]

Basic Pattern Recognizer
Acc.: 0.7352 (0.1241)
Confusion Matrix (y_ref, y_new):
[[ 568   32   32]
 [  63  568  162]
 [ 100   58 2019]]


2020-11-03 16:42:52 [INFO] [analysis.recognition-key-token] LAPTOP TRAIN DOMAIN
Examples that have at least one key token: 0.1033
y_ref means a prediction without a mask, and y_new with a single mask.
Confusion Matrix (y_ref, y_new):
[[421  21  15]
 [ 61 734  79]
 [ 31  32 919]]

Random Pattern Recognizer
Acc.: 0.0628 (0.0065)
Confusion Matrix (y_ref, y_new):
[[451   4   2]
 [  4 867   3]
 [  2   0 980]]

Attention Pattern Recognizer (without scaling and diagonal)
Acc.: 0.3975 (0.0411)
Confusion Matrix (y_ref, y_new):
[[442   7   8]
 [ 29 809  36]
 [ 11   4 967]]

Attention Pattern Recognizer (without diagonal)
Acc.: 0.3640 (0.0376)
Confusion Matrix (y_ref, y_new):
[[444   7   6]
 [ 26 814  34]
 [ 12   2 968]]

Attention Pattern Recognizer
Acc.: 0.3682 (0.0380)
Confusion Matrix (y_ref, y_new):
[[446   6   5]
 [ 26 815  33]
 [ 12   6 964]]

Gradient Pattern Recognizer
Acc.: 0.1464 (0.0151)
Confusion Matrix (y_ref, y_new):
[[449   3   5]
 [  9 852  13]
 [  2   3 977]]

Basic Pattern Recognizer
Acc.: 0.5314 (0.0549)
Confusion Matrix (y_ref, y_new):
[[440  10   7]
 [ 43 794  37]
 [ 20  10 952]]


2020-11-03 16:42:59 [INFO] [analysis.recognition-key-token] RESTAURANT TEST DOMAIN
Examples that have at least one key token: 0.2643
y_ref means a prediction without a mask, and y_new with a single mask.
Confusion Matrix (y_ref, y_new):
[[ 75  13  50]
 [ 36  88  51]
 [ 93  53 661]]

Random Pattern Recognizer
Acc.: 0.1115 (0.0295)
Confusion Matrix (y_ref, y_new):
[[131   0   7]
 [  6 163   6]
 [  6   8 793]]

Attention Pattern Recognizer (without scaling and diagonal)
Acc.: 0.3345 (0.0884)
Confusion Matrix (y_ref, y_new):
[[113   5  20]
 [ 10 140  25]
 [ 28  11 768]]

Attention Pattern Recognizer (without diagonal)
Acc.: 0.2872 (0.0759)
Confusion Matrix (y_ref, y_new):
[[112   5  21]
 [  8 151  16]
 [ 28   7 772]]

Attention Pattern Recognizer
Acc.: 0.3277 (0.0866)
Confusion Matrix (y_ref, y_new):
[[108   5  25]
 [  7 147  21]
 [ 27  12 768]]

Gradient Pattern Recognizer
Acc.: 0.2669 (0.0705)
Confusion Matrix (y_ref, y_new):
[[116   7  15]
 [ 10 158   7]
 [ 23  17 767]]

Basic Pattern Recognizer
Acc.: 0.6216 (0.1643)
Confusion Matrix (y_ref, y_new):
[[ 99   8  31]
 [ 18 111  46]
 [ 52  29 726]]


2020-11-03 16:43:04 [INFO] [analysis.recognition-key-token] LAPTOP TEST DOMAIN
Examples that have at least one key token: 0.2382
y_ref means a prediction without a mask, and y_new with a single mask.
Confusion Matrix (y_ref, y_new):
[[ 88  11  20]
 [ 43 106  32]
 [ 28  18 292]]

Random Pattern Recognizer
Acc.: 0.1842 (0.0439)
Confusion Matrix (y_ref, y_new):
[[113   2   4]
 [  6 166   9]
 [  3   4 331]]

Attention Pattern Recognizer (without scaling and diagonal)
Acc.: 0.4342 (0.1034)
Confusion Matrix (y_ref, y_new):
[[105   5   9]
 [ 18 144  19]
 [ 11   4 323]]

Attention Pattern Recognizer (without diagonal)
Acc.: 0.4605 (0.1097)
Confusion Matrix (y_ref, y_new):
[[107   4   8]
 [ 23 139  19]
 [ 12   4 322]]

Attention Pattern Recognizer
Acc.: 0.4408 (0.1050)
Confusion Matrix (y_ref, y_new):
[[109   4   6]
 [ 25 138  18]
 [ 10   4 324]]

Gradient Pattern Recognizer
Acc.: 0.1645 (0.0392)
Confusion Matrix (y_ref, y_new):
[[110   1   8]
 [  5 170   6]
 [  3   2 333]]

Basic Pattern Recognizer
Acc.: 0.5526 (0.1317)
Confusion Matrix (y_ref, y_new):
[[104   5  10]
 [ 26 136  19]
 [ 17   7 314]]


