2020-10-28 12:10:55 [INFO] [analysis.aspect_separation] Begin Evaluation: Predict with the Enriched Text (added one emotional sentence).
2020-10-28 12:10:55 [INFO] [analysis.aspect_separation] RESTAURANT DOMAIN
Added the Positive Sentence
Acc. mean: 0.5534 std: 0.0222
Relative Improvement: -12.52 %

Added the Negative Sentence
Acc. mean: 0.8368 std: 0.0253
Relative Improvement: -4.07 %

Details:
the {noun} is really great.         Acc. mean: 0.5711 std: 0.0029
the {noun} is perfect.              Acc. mean: 0.5346 std: 0.0043
the {noun} was awesome.             Acc. mean: 0.5441 std: 0.0073
the {noun} was brilliant.           Acc. mean: 0.5186 std: 0.0018
i love the {noun}.                  Acc. mean: 0.5514 std: 0.0032
i like the {noun} a lot.            Acc. mean: 0.5907 std: 0.0075
i highly recommends the {noun}.     Acc. mean: 0.5634 std: 0.0040
the {noun} is really bad.           Acc. mean: 0.8142 std: 0.0031
the {noun} is awful.                Acc. mean: 0.8282 std: 0.0032
the {noun} was poor.                Acc. mean: 0.8163 std: 0.0032
the {noun} was ugly.                Acc. mean: 0.8038 std: 0.0018
i hate the {noun}.                  Acc. mean: 0.8646 std: 0.0025
i dislike the {noun}.               Acc. mean: 0.8644 std: 0.0019
i strongly dislike the {noun}.      Acc. mean: 0.8658 std: 0.0022

2020-10-28 12:10:55 [INFO] [analysis.aspect_separation] LAPTOP DOMAIN
Added the Positive Sentence
Acc. mean: 0.5147 std: 0.0472
Relative Improvement: -26.15 %

Added the Negative Sentence
Acc. mean: 0.6642 std: 0.0283
Relative Improvement: -13.58 %

Details:
the {noun} is really great.         Acc. mean: 0.4526 std: 0.0074
the {noun} is perfect.              Acc. mean: 0.4969 std: 0.0072
the {noun} was awesome.             Acc. mean: 0.4733 std: 0.0095
the {noun} was brilliant.           Acc. mean: 0.5137 std: 0.0072
i love the {noun}.                  Acc. mean: 0.5200 std: 0.0065
i like the {noun} a lot.            Acc. mean: 0.5358 std: 0.0081
i highly recommends the {noun}.     Acc. mean: 0.6109 std: 0.0080
the {noun} is really bad.           Acc. mean: 0.6238 std: 0.0052
the {noun} is awful.                Acc. mean: 0.6308 std: 0.0044
the {noun} was poor.                Acc. mean: 0.6725 std: 0.0061
the {noun} was ugly.                Acc. mean: 0.7078 std: 0.0039
i hate the {noun}.                  Acc. mean: 0.6936 std: 0.0063
i dislike the {noun}.               Acc. mean: 0.6633 std: 0.0072
i strongly dislike the {noun}.      Acc. mean: 0.6577 std: 0.0055

