2020-10-31 17:45:14 [INFO] [analysis.recognition-key-token] Begin Evaluation: the Key Token Recognition
2020-10-31 17:45:19 [INFO] [analysis.recognition-key-token] RESTAURANT TRAIN DOMAIN
Examples that have at least one key token pair: 0.1688

Random Pattern Recognizer
Acc.: 0.0839 (0.0142)
Confusion Matrix (y_ref, y_new):
[[ 616    8    8]
 [   7  771   15]
 [   9    4 2164]]

Attention Pattern Recognizer
Acc.: 0.2993 (0.0505)
Confusion Matrix (y_ref, y_new):
[[ 597    8   27]
 [  18  719   56]
 [  49   24 2104]]

Gradient Pattern Recognizer
Acc.: 0.1793 (0.0303)
Confusion Matrix (y_ref, y_new):
[[ 608   14   10]
 [  10  755   28]
 [  27   20 2130]]

Basic Pattern Recognizer
Acc.: 0.5921 (0.0999)
Confusion Matrix (y_ref, y_new):
[[ 575   19   38]
 [  47  618  128]
 [  83   45 2049]]


2020-10-31 17:45:25 [INFO] [analysis.recognition-key-token] LAPTOP TRAIN DOMAIN
Examples that have at least one key token pair: 0.1033

Random Pattern Recognizer
Acc.: 0.0628 (0.0065)
Confusion Matrix (y_ref, y_new):
[[451   4   2]
 [  4 867   3]
 [  2   0 980]]

Attention Pattern Recognizer
Acc.: 0.2929 (0.0303)
Confusion Matrix (y_ref, y_new):
[[445   5   7]
 [ 12 831  31]
 [  9   6 967]]

Gradient Pattern Recognizer
Acc.: 0.1799 (0.0186)
Confusion Matrix (y_ref, y_new):
[[452   2   3]
 [ 10 844  20]
 [  5   3 974]]

Basic Pattern Recognizer
Acc.: 0.4895 (0.0506)
Confusion Matrix (y_ref, y_new):
[[445   6   6]
 [ 31 797  46]
 [ 20   8 954]]


2020-10-31 17:45:31 [INFO] [analysis.recognition-key-token] RESTAURANT TEST DOMAIN
Examples that have at least one key token pair: 0.2643

Random Pattern Recognizer
Acc.: 0.1115 (0.0295)
Confusion Matrix (y_ref, y_new):
[[131   0   7]
 [  6 163   6]
 [  6   8 793]]

Attention Pattern Recognizer
Acc.: 0.3074 (0.0813)
Confusion Matrix (y_ref, y_new):
[[114   3  21]
 [  4 144  27]
 [ 21  15 771]]

Gradient Pattern Recognizer
Acc.: 0.1757 (0.0464)
Confusion Matrix (y_ref, y_new):
[[122   4  12]
 [  4 158  13]
 [ 14   5 788]]

Basic Pattern Recognizer
Acc.: 0.4932 (0.1304)
Confusion Matrix (y_ref, y_new):
[[106   4  28]
 [ 16 123  36]
 [ 35  27 745]]


2020-10-31 17:45:36 [INFO] [analysis.recognition-key-token] LAPTOP TEST DOMAIN
Examples that have at least one key token pair: 0.2382

Random Pattern Recognizer
Acc.: 0.1842 (0.0439)
Confusion Matrix (y_ref, y_new):
[[113   2   4]
 [  6 166   9]
 [  3   4 331]]

Attention Pattern Recognizer
Acc.: 0.3158 (0.0752)
Confusion Matrix (y_ref, y_new):
[[110   4   5]
 [ 12 155  14]
 [ 10   3 325]]

Gradient Pattern Recognizer
Acc.: 0.1776 (0.0423)
Confusion Matrix (y_ref, y_new):
[[112   1   6]
 [  5 169   7]
 [  5   3 330]]

Basic Pattern Recognizer
Acc.: 0.5000 (0.1191)
Confusion Matrix (y_ref, y_new):
[[105   5   9]
 [ 24 137  20]
 [ 13   5 320]]


